<?xml version="1.0" encoding="UTF-8"?>
<!-- Generated by org.testng.reporters.JUnitXMLReporter -->
<testsuite ignored="0" hostname="LAPTOP-ER81FAOP" failures="0" tests="2" name="Default test" time="0.058" errors="0" timestamp="2023-02-06T23:19:33 IST">
  <testcase classname="testNg.TestNgClass1" name="@BeforeTest LauchBrowser" time="-1.675705773214E9">
    <failure type="org.testng.TestNGException" message="
Parameter &amp;apos;browser&amp;apos; is required by BeforeTest on method LauchBrowser but has not been marked @Optional or defined
in C:\Users\HOME\AppData\Local\Temp\testng-eclipse-1384578178\testng-customsuite.xml">
      <![CDATA[org.testng.TestNGException: 
Parameter 'browser' is required by BeforeTest on method LauchBrowser but has not been marked @Optional or defined
in C:\Users\HOME\AppData\Local\Temp\testng-eclipse-1384578178\testng-customsuite.xml
at org.testng.internal.Parameters.createParams(Parameters.java:270)
at org.testng.internal.Parameters.createParametersForMethod(Parameters.java:358)
at org.testng.internal.Parameters.createParameters(Parameters.java:700)
at org.testng.internal.Parameters.createConfigurationParameters(Parameters.java:168)
at org.testng.internal.ConfigInvoker.invokeConfigurations(ConfigInvoker.java:302)
at org.testng.TestRunner.invokeTestConfigurations(TestRunner.java:637)
at org.testng.TestRunner.beforeRun(TestRunner.java:627)
at org.testng.TestRunner.run(TestRunner.java:589)
at org.testng.SuiteRunner.runTest(SuiteRunner.java:377)
at org.testng.SuiteRunner.runSequentially(SuiteRunner.java:371)
at org.testng.SuiteRunner.privateRun(SuiteRunner.java:332)
at org.testng.SuiteRunner.run(SuiteRunner.java:276)
at org.testng.SuiteRunnerWorker.runSuite(SuiteRunnerWorker.java:53)
at org.testng.SuiteRunnerWorker.run(SuiteRunnerWorker.java:96)
at org.testng.TestNG.runSuitesSequentially(TestNG.java:1212)
at org.testng.TestNG.runSuitesLocally(TestNG.java:1134)
at org.testng.TestNG.runSuites(TestNG.java:1063)
at org.testng.TestNG.run(TestNG.java:1031)
at org.testng.remote.AbstractRemoteTestNG.run(AbstractRemoteTestNG.java:115)
at org.testng.remote.RemoteTestNG.initAndRun(RemoteTestNG.java:251)
at org.testng.remote.RemoteTestNG.main(RemoteTestNG.java:77)
]]>
    </failure>
  </testcase> <!-- @BeforeTest LauchBrowser -->
  <testcase classname="testNg.TestNgClass1" name="@BeforeClass ctreatePOMObjects" time="-1.675705773237E9">
    <skipped/>
  </testcase> <!-- @BeforeClass ctreatePOMObjects -->
  <testcase classname="testNg.TestNgClass1" name="@BeforeMethod goToHomePage" time="-1.675705773247E9">
    <skipped/>
  </testcase> <!-- @BeforeMethod goToHomePage -->
  <testcase classname="testNg.TestNgClass1" name="@AfterMethod LogoutPage" time="-1.675705773253E9">
    <skipped/>
  </testcase> <!-- @AfterMethod LogoutPage -->
  <testcase classname="testNg.TestNgClass1" name="@BeforeMethod goToHomePage" time="-1.675705773258E9">
    <skipped/>
  </testcase> <!-- @BeforeMethod goToHomePage -->
  <testcase classname="testNg.TestNgClass1" name="@AfterMethod LogoutPage" time="-1.675705773262E9">
    <skipped/>
  </testcase> <!-- @AfterMethod LogoutPage -->
  <testcase classname="testNg.TestNgClass1" name="@AfterClass clearPOMObjects" time="-1.675705773264E9">
    <skipped/>
  </testcase> <!-- @AfterClass clearPOMObjects -->
  <testcase classname="testNg.TestNgClass1" name="@AfterTest closedbrowser" time="-1.675705773265E9">
    <skipped/>
  </testcase> <!-- @AfterTest closedbrowser -->
  <testcase classname="testNg.TestNgClass1" name="VerifyInvestmentPlanForm" time="0.0">
    <skipped/>
  </testcase> <!-- VerifyInvestmentPlanForm -->
  <testcase classname="testNg.TestNgClass1" name="VerifySaralJeevaninsuranceForm" time="0.0">
    <skipped/>
  </testcase> <!-- VerifySaralJeevaninsuranceForm -->
</testsuite> <!-- Default test -->
